Using pre-set license
Built from '2020.3/staging' branch; Version is '2020.3.17f1 (a4537701e4ab) revision 10769271'; Using compiler version '192528614'; Build Type 'Release'
OS: 'Windows 10 Home China; OS build 19042.1288; Version 2009; 64bit' Language: 'zh' Physical Memory: 16250 MB
BatchMode: 1, IsHumanControllingUs: 0, StartBugReporterOnCrash: 0, Is64bit: 1, IsPro: 0

COMMAND LINE ARGUMENTS:
E:\unity\2020.3.17f1\Editor\Unity.exe
-adb2
-batchMode
-noUpm
-name
AssetImportWorker0
-projectPath
E:/Prototype/NewGameProject/NewGameProject
-logFile
Logs/AssetImportWorker0.log
-srvPort
58562
Successfully changed project path to: E:/Prototype/NewGameProject/NewGameProject
E:/Prototype/NewGameProject/NewGameProject
Using Asset Import Pipeline V2.
Refreshing native plugins compatible for Editor in 61.54 ms, found 3 plugins.
Preloading 0 native plugins for Editor in 0.00 ms.
Initialize engine version: 2020.3.17f1 (a4537701e4ab)
[Subsystems] Discovering subsystems at path E:/unity/2020.3.17f1/Editor/Data/Resources/UnitySubsystems
[Subsystems] Discovering subsystems at path E:/Prototype/NewGameProject/NewGameProject/Assets
GfxDevice: creating device client; threaded=0
Direct3D:
    Version:  Direct3D 11.0 [level 11.1]
    Renderer: NVIDIA GeForce RTX 2060 (ID=0x1f15)
    Vendor:   
    VRAM:     5980 MB
    Driver:   27.21.14.5749
Initialize mono
Mono path[0] = 'E:/unity/2020.3.17f1/Editor/Data/Managed'
Mono path[1] = 'E:/unity/2020.3.17f1/Editor/Data/MonoBleedingEdge/lib/mono/unityjit'
Mono config path = 'E:/unity/2020.3.17f1/Editor/Data/MonoBleedingEdge/etc'
Using monoOptions --debugger-agent=transport=dt_socket,embedding=1,server=y,suspend=n,address=127.0.0.1:56476
Begin MonoManager ReloadAssembly
Registering precompiled unity dll's ...
Register platform support module: E:/unity/2020.3.17f1/Editor/Data/PlaybackEngines/WebGLSupport/UnityEditor.WebGL.Extensions.dll
Register platform support module: E:/unity/2020.3.17f1/Editor/Data/PlaybackEngines/MacStandaloneSupport/UnityEditor.OSXStandalone.Extensions.dll
Register platform support module: E:/unity/2020.3.17f1/Editor/Data/PlaybackEngines/WindowsStandaloneSupport/UnityEditor.WindowsStandalone.Extensions.dll
Registered in 0.004017 seconds.
Native extension for WindowsStandalone target not found
Native extension for OSXStandalone target not found
Native extension for WebGL target not found
Refreshing native plugins compatible for Editor in 53.24 ms, found 3 plugins.
Preloading 0 native plugins for Editor in 0.00 ms.
Mono: successfully reloaded assembly
- Completed reload, in  2.489 seconds
Domain Reload Profiling:
	ReloadAssembly (2490ms)
		BeginReloadAssembly (101ms)
			ExecutionOrderSort (0ms)
			DisableScriptedObjects (0ms)
			BackupInstance (0ms)
			ReleaseScriptingObjects (0ms)
			CreateAndSetChildDomain (1ms)
		EndReloadAssembly (530ms)
			LoadAssemblies (103ms)
			RebuildTransferFunctionScriptingTraits (0ms)
			SetupTypeCache (205ms)
			ReleaseScriptCaches (0ms)
			RebuildScriptCaches (37ms)
			SetupLoadedEditorAssemblies (212ms)
				LogAssemblyErrors (0ms)
				InitializePlatformSupportModulesInManaged (7ms)
				SetLoadedEditorAssemblies (0ms)
				RefreshPlugins (53ms)
				BeforeProcessingInitializeOnLoad (11ms)
				ProcessInitializeOnLoadAttributes (102ms)
				ProcessInitializeOnLoadMethodAttributes (38ms)
				AfterProcessingInitializeOnLoad (0ms)
				EditorAssembliesLoaded (0ms)
			ExecutionOrderSort2 (0ms)
			AwakeInstancesAfterBackupRestoration (0ms)
Platform modules already initialized, skipping
Registering precompiled user dll's ...
Registered in 0.010343 seconds.
Begin MonoManager ReloadAssembly
Native extension for WindowsStandalone target not found
Native extension for OSXStandalone target not found
Native extension for WebGL target not found
Refreshing native plugins compatible for Editor in 46.19 ms, found 3 plugins.
Preloading 0 native plugins for Editor in 0.00 ms.
Mono: successfully reloaded assembly
- Completed reload, in  1.459 seconds
Domain Reload Profiling:
	ReloadAssembly (1460ms)
		BeginReloadAssembly (191ms)
			ExecutionOrderSort (0ms)
			DisableScriptedObjects (6ms)
			BackupInstance (0ms)
			ReleaseScriptingObjects (0ms)
			CreateAndSetChildDomain (20ms)
		EndReloadAssembly (1195ms)
			LoadAssemblies (157ms)
			RebuildTransferFunctionScriptingTraits (0ms)
			SetupTypeCache (370ms)
			ReleaseScriptCaches (0ms)
			RebuildScriptCaches (53ms)
			SetupLoadedEditorAssemblies (508ms)
				LogAssemblyErrors (0ms)
				InitializePlatformSupportModulesInManaged (6ms)
				SetLoadedEditorAssemblies (0ms)
				RefreshPlugins (46ms)
				BeforeProcessingInitializeOnLoad (65ms)
				ProcessInitializeOnLoadAttributes (372ms)
				ProcessInitializeOnLoadMethodAttributes (16ms)
				AfterProcessingInitializeOnLoad (2ms)
				EditorAssembliesLoaded (0ms)
			ExecutionOrderSort2 (0ms)
			AwakeInstancesAfterBackupRestoration (7ms)
Platform modules already initialized, skipping
========================================================================
Worker process is ready to serve import requests
Launched and connected shader compiler UnityShaderCompiler.exe after 0.10 seconds
Refreshing native plugins compatible for Editor in 0.55 ms, found 3 plugins.
Preloading 0 native plugins for Editor in 0.00 ms.
Unloading 2091 Unused Serialized files (Serialized files now loaded: 0)
System memory in use before: 93.1 MB.
System memory in use after: 93.1 MB.

Unloading 28 unused Assets to reduce memory usage. Loaded Objects now: 2528.
Total: 4.318900 ms (FindLiveObjects: 0.204400 ms CreateObjectMapping: 0.107200 ms MarkObjects: 3.882000 ms  DeleteObjects: 0.124400 ms)

AssetImportParameters requested are different than current active one (requested -> active):
  custom:framework-win-MediaFoundation: 216162199b28c13a410421893ffa2e32 -> 
  custom:video-decoder-ogg-theora: a1e56fd34408186e4bbccfd4996cb3dc -> 
  custom:container-muxer-webm: aa71ff27fc2769a1b78a27578f13a17b -> 
  custom:container-demuxer-webm: 4f35f7cbe854078d1ac9338744f61a02 -> 
  custom:container-demuxer-ogg: 62fdf1f143b41e24485cea50d1cbac27 -> 
  custom:video-encoder-webm-vp8: eb34c28f22e8b96e1ab97ce403110664 -> 
  custom:video-codec-MediaFoundation-h265: 746d11721c4dcdbdad8f713fa42b33f4 -> 
  custom:video-decoder-webm-vp8: 9c59270c3fd7afecdb556c50c9e8de78 -> 
  custom:audio-decoder-ogg-vorbis: bf7c407c2cedff20999df2af8eb42d56 -> 
  custom:audio-encoder-webm-vorbis: bf7c407c2cedff20999df2af8eb42d56 -> 
========================================================================
Received Import Request.
  path: Assets/Sprites/RiggingCharacter0025.png
  artifactKey: Guid(834c0baf73ee74848813f21eabda7485) Importer(815301076,1909f56bfc062723c751e8b465ee728b)
Start importing Assets/Sprites/RiggingCharacter0025.png using Guid(834c0baf73ee74848813f21eabda7485) Importer(815301076,1909f56bfc062723c751e8b465ee728b)  -> (artifact id: 'dad551bc8c9e2b0b0357fa2bf4ef0495') in 0.193998 seconds 
  Import took 0.198239 seconds .

========================================================================
Received Import Request.
  Time since last request: 0.000306 seconds.
  path: Assets/Sprites/RiggingCharacter0037.png
  artifactKey: Guid(deae4a20974bab9489ce8f3c6ae7cf86) Importer(815301076,1909f56bfc062723c751e8b465ee728b)
Start importing Assets/Sprites/RiggingCharacter0037.png using Guid(deae4a20974bab9489ce8f3c6ae7cf86) Importer(815301076,1909f56bfc062723c751e8b465ee728b)  -> (artifact id: '97387852ed3890d8530bb59f41753f5c') in 0.016574 seconds 
  Import took 0.020843 seconds .

========================================================================
Received Import Request.
  Time since last request: 0.000315 seconds.
  path: Assets/Sprites/RiggingCharacter0013.png
  artifactKey: Guid(592107bfb6b7f3444a99605acbe07744) Importer(815301076,1909f56bfc062723c751e8b465ee728b)
Start importing Assets/Sprites/RiggingCharacter0013.png using Guid(592107bfb6b7f3444a99605acbe07744) Importer(815301076,1909f56bfc062723c751e8b465ee728b)  -> (artifact id: 'bed83aa78d7e6879214a43121eeade81') in 0.015457 seconds 
  Import took 0.019783 seconds .

========================================================================
Received Import Request.
  Time since last request: 0.000233 seconds.
  path: Assets/Sprites/RiggingCharacter0012.png
  artifactKey: Guid(4ee9bcee2fd656c47b172dbd22a695cb) Importer(815301076,1909f56bfc062723c751e8b465ee728b)
Start importing Assets/Sprites/RiggingCharacter0012.png using Guid(4ee9bcee2fd656c47b172dbd22a695cb) Importer(815301076,1909f56bfc062723c751e8b465ee728b)  -> (artifact id: 'f2a5fde5ed98ca62644fcbb24bb8fd39') in 0.016176 seconds 
  Import took 0.020486 seconds .

========================================================================
Received Import Request.
  Time since last request: 0.000302 seconds.
  path: Assets/Sprites/RiggingCharacter0006.png
  artifactKey: Guid(095e202e6d3589b43a7377804d3117c9) Importer(815301076,1909f56bfc062723c751e8b465ee728b)
Start importing Assets/Sprites/RiggingCharacter0006.png using Guid(095e202e6d3589b43a7377804d3117c9) Importer(815301076,1909f56bfc062723c751e8b465ee728b)  -> (artifact id: '1aea6a5df01f5e964a14f6830a80f31b') in 0.016636 seconds 
  Import took 0.021148 seconds .

========================================================================
Received Import Request.
  Time since last request: 0.000336 seconds.
  path: Assets/Sprites/RiggingCharacter0019.png
  artifactKey: Guid(c5d8979bc110fcf4f921dca149bd68b2) Importer(815301076,1909f56bfc062723c751e8b465ee728b)
Start importing Assets/Sprites/RiggingCharacter0019.png using Guid(c5d8979bc110fcf4f921dca149bd68b2) Importer(815301076,1909f56bfc062723c751e8b465ee728b)  -> (artifact id: '4738623464ff7712988bc4d2ed793da7') in 0.017146 seconds 
  Import took 0.021424 seconds .

========================================================================
Received Import Request.
  Time since last request: 0.000310 seconds.
  path: Assets/Sprites/RiggingCharacter0032.png
  artifactKey: Guid(c96d1cb177776d64baa8e0c10d195930) Importer(815301076,1909f56bfc062723c751e8b465ee728b)
Start importing Assets/Sprites/RiggingCharacter0032.png using Guid(c96d1cb177776d64baa8e0c10d195930) Importer(815301076,1909f56bfc062723c751e8b465ee728b)  -> (artifact id: '426034d95d1634cdd093307d2f4250c4') in 0.016356 seconds 
  Import took 0.020613 seconds .

========================================================================
Received Import Request.
  Time since last request: 0.000272 seconds.
  path: Assets/Sprites/RiggingCharacter0039.png
  artifactKey: Guid(29542282ffed15a40a14b47f470d1041) Importer(815301076,1909f56bfc062723c751e8b465ee728b)
Start importing Assets/Sprites/RiggingCharacter0039.png using Guid(29542282ffed15a40a14b47f470d1041) Importer(815301076,1909f56bfc062723c751e8b465ee728b)  -> (artifact id: '6b7731f3c566d271bed8aa736a4a350d') in 0.018186 seconds 
  Import took 0.022800 seconds .

========================================================================
Received Import Request.
  Time since last request: 0.000312 seconds.
  path: Assets/Sprites/RiggingCharacter0011.png
  artifactKey: Guid(c61242cd849b65141a9d32ac13a7e3fc) Importer(815301076,1909f56bfc062723c751e8b465ee728b)
Start importing Assets/Sprites/RiggingCharacter0011.png using Guid(c61242cd849b65141a9d32ac13a7e3fc) Importer(815301076,1909f56bfc062723c751e8b465ee728b)  -> (artifact id: 'a516eab65ae20b7b1902dc6c7ccfc3b5') in 0.016100 seconds 
  Import took 0.020765 seconds .

========================================================================
Received Import Request.
  Time since last request: 0.000254 seconds.
  path: Assets/Sprites/RiggingCharacter0022.png
  artifactKey: Guid(6b01a8daa240e9c4ea281130850e1a59) Importer(815301076,1909f56bfc062723c751e8b465ee728b)
Start importing Assets/Sprites/RiggingCharacter0022.png using Guid(6b01a8daa240e9c4ea281130850e1a59) Importer(815301076,1909f56bfc062723c751e8b465ee728b)  -> (artifact id: 'b620a21e16138b7de86fa98c12491b66') in 0.016959 seconds 
  Import took 0.021168 seconds .

========================================================================
Received Import Request.
  Time since last request: 0.000294 seconds.
  path: Assets/Sprites
  artifactKey: Guid(b4238624d542b26448b0f9f56bddb5f5) Importer(815301076,1909f56bfc062723c751e8b465ee728b)
Start importing Assets/Sprites using Guid(b4238624d542b26448b0f9f56bddb5f5) Importer(815301076,1909f56bfc062723c751e8b465ee728b)  -> (artifact id: 'd387143c24fb50234ea51d1c16d16453') in 0.002630 seconds 
  Import took 0.006540 seconds .

========================================================================
Received Import Request.
  Time since last request: 0.000224 seconds.
  path: Assets/Sprites/RiggingCharacter0026.png
  artifactKey: Guid(f77324208804e6748afa9073aa5cb447) Importer(815301076,1909f56bfc062723c751e8b465ee728b)
Start importing Assets/Sprites/RiggingCharacter0026.png using Guid(f77324208804e6748afa9073aa5cb447) Importer(815301076,1909f56bfc062723c751e8b465ee728b)  -> (artifact id: 'eea426d42c3c81ea7644dfc684e664c9') in 0.016366 seconds 
  Import took 0.020618 seconds .

========================================================================
Received Import Request.
  Time since last request: 0.000285 seconds.
  path: Assets/Sprites/RiggingCharacter0009.png
  artifactKey: Guid(c1842b3c616b4404f9d3898204bff383) Importer(815301076,1909f56bfc062723c751e8b465ee728b)
Start importing Assets/Sprites/RiggingCharacter0009.png using Guid(c1842b3c616b4404f9d3898204bff383) Importer(815301076,1909f56bfc062723c751e8b465ee728b)  -> (artifact id: 'd2875587737636e7077cb8976b826b43') in 0.018566 seconds 
  Import took 0.023008 seconds .

========================================================================
Received Import Request.
  Time since last request: 0.000384 seconds.
  path: Assets/Sprites/RiggingCharacter0028.png
  artifactKey: Guid(0da30df67594dff4c9a719c4e7ccf359) Importer(815301076,1909f56bfc062723c751e8b465ee728b)
Start importing Assets/Sprites/RiggingCharacter0028.png using Guid(0da30df67594dff4c9a719c4e7ccf359) Importer(815301076,1909f56bfc062723c751e8b465ee728b)  -> (artifact id: '0a8a6654687196126212d227b14c9fb0') in 0.015437 seconds 
  Import took 0.019875 seconds .

========================================================================
Received Import Request.
  Time since last request: 0.000332 seconds.
  path: Assets/Sprites/RiggingCharacter0033.png
  artifactKey: Guid(3d57b8d0c43e4f84ba48887025bb2a07) Importer(815301076,1909f56bfc062723c751e8b465ee728b)
Start importing Assets/Sprites/RiggingCharacter0033.png using Guid(3d57b8d0c43e4f84ba48887025bb2a07) Importer(815301076,1909f56bfc062723c751e8b465ee728b)  -> (artifact id: '22557504a957c9d92bfac3788c8fcc0c') in 0.016280 seconds 
  Import took 0.020810 seconds .

========================================================================
Received Import Request.
  Time since last request: 0.000272 seconds.
  path: Assets/Sprites/RiggingCharacter0027.png
  artifactKey: Guid(628a053b72dd1a64d948342fa5836c2a) Importer(815301076,1909f56bfc062723c751e8b465ee728b)
Start importing Assets/Sprites/RiggingCharacter0027.png using Guid(628a053b72dd1a64d948342fa5836c2a) Importer(815301076,1909f56bfc062723c751e8b465ee728b)  -> (artifact id: 'f408e79c89bfc522421cd3773344010d') in 0.018686 seconds 
  Import took 0.023479 seconds .

========================================================================
Received Import Request.
  Time since last request: 0.000286 seconds.
  path: Assets/Sprites/RiggingCharacter0007.png
  artifactKey: Guid(86b629d6f5802964b933bf47e8cd2413) Importer(815301076,1909f56bfc062723c751e8b465ee728b)
Start importing Assets/Sprites/RiggingCharacter0007.png using Guid(86b629d6f5802964b933bf47e8cd2413) Importer(815301076,1909f56bfc062723c751e8b465ee728b)  -> (artifact id: '94c24e8a80945d3d994f1a78c787ed6e') in 0.016450 seconds 
  Import took 0.021759 seconds .

========================================================================
Received Import Request.
  Time since last request: 0.000312 seconds.
  path: Assets/Sprites/RiggingCharacter0024.png
  artifactKey: Guid(c8aee28bd571f974ca2002edbc6ac902) Importer(815301076,1909f56bfc062723c751e8b465ee728b)
Start importing Assets/Sprites/RiggingCharacter0024.png using Guid(c8aee28bd571f974ca2002edbc6ac902) Importer(815301076,1909f56bfc062723c751e8b465ee728b)  -> (artifact id: 'b7cc53f9aec5a537516b74569261ce48') in 0.016376 seconds 
  Import took 0.020945 seconds .

========================================================================
Received Import Request.
  Time since last request: 0.000361 seconds.
  path: Assets/Sprites/RiggingCharacter0008.png
  artifactKey: Guid(553dd915491d72044bded31634a0f437) Importer(815301076,1909f56bfc062723c751e8b465ee728b)
Start importing Assets/Sprites/RiggingCharacter0008.png using Guid(553dd915491d72044bded31634a0f437) Importer(815301076,1909f56bfc062723c751e8b465ee728b)  -> (artifact id: 'fa0daa469530c6b0979e18bc0538332f') in 0.014641 seconds 
  Import took 0.019457 seconds .

========================================================================
Received Import Request.
  Time since last request: 0.000363 seconds.
  path: Assets/Sprites/RiggingCharacter0034.png
  artifactKey: Guid(e5b27b33d54d65545bab08154a32e996) Importer(815301076,1909f56bfc062723c751e8b465ee728b)
Start importing Assets/Sprites/RiggingCharacter0034.png using Guid(e5b27b33d54d65545bab08154a32e996) Importer(815301076,1909f56bfc062723c751e8b465ee728b)  -> (artifact id: 'a56c4cf89b7048421a09ab696401f9b4') in 0.017856 seconds 
  Import took 0.022425 seconds .

========================================================================
Received Import Request.
  Time since last request: 0.000260 seconds.
  path: Assets/Sprites/RiggingCharacter0005.png
  artifactKey: Guid(a7344493f871cc54eb15fa2b9ce6412a) Importer(815301076,1909f56bfc062723c751e8b465ee728b)
Start importing Assets/Sprites/RiggingCharacter0005.png using Guid(a7344493f871cc54eb15fa2b9ce6412a) Importer(815301076,1909f56bfc062723c751e8b465ee728b)  -> (artifact id: '6c4cef402abbca1580ec95277727251a') in 0.016060 seconds 
  Import took 0.020531 seconds .

========================================================================
Received Import Request.
  Time since last request: 0.000266 seconds.
  path: Assets/Sprites/RiggingCharacter0003.png
  artifactKey: Guid(ae7e21b9347f61145861cf2f3627aa5e) Importer(815301076,1909f56bfc062723c751e8b465ee728b)
Start importing Assets/Sprites/RiggingCharacter0003.png using Guid(ae7e21b9347f61145861cf2f3627aa5e) Importer(815301076,1909f56bfc062723c751e8b465ee728b)  -> (artifact id: '120bf0472ee3cc85221c0f83fbcd68cb') in 0.015537 seconds 
  Import took 0.019943 seconds .

========================================================================
Received Import Request.
  Time since last request: 0.000363 seconds.
  path: Assets/Sprites/RiggingCharacter0002.png
  artifactKey: Guid(d5a4be80180e367489fe79ba3b7a4059) Importer(815301076,1909f56bfc062723c751e8b465ee728b)
Start importing Assets/Sprites/RiggingCharacter0002.png using Guid(d5a4be80180e367489fe79ba3b7a4059) Importer(815301076,1909f56bfc062723c751e8b465ee728b)  -> (artifact id: '8dbcdb155b89f5f67a2e57789c111e5c') in 0.015166 seconds 
  Import took 0.019856 seconds .

========================================================================
Received Import Request.
  Time since last request: 0.000260 seconds.
  path: Assets/Sprites/RiggingCharacter0018.png
  artifactKey: Guid(186e52294d8bba742871c0eb039f7e9e) Importer(815301076,1909f56bfc062723c751e8b465ee728b)
Start importing Assets/Sprites/RiggingCharacter0018.png using Guid(186e52294d8bba742871c0eb039f7e9e) Importer(815301076,1909f56bfc062723c751e8b465ee728b)  -> (artifact id: '3cd2a3e9fc3ccae0bb31b06d90ee3e0d') in 0.016756 seconds 
  Import took 0.021993 seconds .

========================================================================
Received Import Request.
  Time since last request: 0.000284 seconds.
  path: Assets/Sprites/RiggingCharacter0002.png
  artifactKey: Guid(d5a4be80180e367489fe79ba3b7a4059) Importer(815301076,1909f56bfc062723c751e8b465ee728b)
Start importing Assets/Sprites/RiggingCharacter0002.png using Guid(d5a4be80180e367489fe79ba3b7a4059) Importer(815301076,1909f56bfc062723c751e8b465ee728b)  -> (artifact id: '8dbcdb155b89f5f67a2e57789c111e5c') in 0.015037 seconds 
  Import took 0.019773 seconds .

========================================================================
Received Import Request.
  Time since last request: 0.000342 seconds.
  path: Assets/Sprites/RiggingCharacter0010.png
  artifactKey: Guid(ee5a2114b04039943ba0790ad8af1a95) Importer(815301076,1909f56bfc062723c751e8b465ee728b)
Start importing Assets/Sprites/RiggingCharacter0010.png using Guid(ee5a2114b04039943ba0790ad8af1a95) Importer(815301076,1909f56bfc062723c751e8b465ee728b)  -> (artifact id: '65bc64eaeaffb6a13e288552cc5c9335') in 0.017396 seconds 
  Import took 0.022130 seconds .

========================================================================
Received Import Request.
  Time since last request: 0.000350 seconds.
  path: Assets/Sprites/RiggingCharacter0036.png
  artifactKey: Guid(0b1462bfff5bdcb48ad615a7ea8d3a16) Importer(815301076,1909f56bfc062723c751e8b465ee728b)
Start importing Assets/Sprites/RiggingCharacter0036.png using Guid(0b1462bfff5bdcb48ad615a7ea8d3a16) Importer(815301076,1909f56bfc062723c751e8b465ee728b)  -> (artifact id: '54a28bf87f46f87fdd44790afa50baec') in 0.015512 seconds 
  Import took 0.019948 seconds .

========================================================================
Received Import Request.
  Time since last request: 0.000332 seconds.
  path: Assets/Sprites/RiggingCharacter0001.png
  artifactKey: Guid(a8cc1e1e75b4d7849b264a899e9138cd) Importer(815301076,1909f56bfc062723c751e8b465ee728b)
Start importing Assets/Sprites/RiggingCharacter0001.png using Guid(a8cc1e1e75b4d7849b264a899e9138cd) Importer(815301076,1909f56bfc062723c751e8b465ee728b)  -> (artifact id: '1dc10b47c0ce94b56e51bc6a1ab89ba8') in 0.013989 seconds 
  Import took 0.018199 seconds .

========================================================================
Received Import Request.
  Time since last request: 0.000336 seconds.
  path: Assets/Sprites/RiggingCharacter0017.png
  artifactKey: Guid(bcece1b69c3f036459eabde0585a4e79) Importer(815301076,1909f56bfc062723c751e8b465ee728b)
Start importing Assets/Sprites/RiggingCharacter0017.png using Guid(bcece1b69c3f036459eabde0585a4e79) Importer(815301076,1909f56bfc062723c751e8b465ee728b)  -> (artifact id: '457b1afdb825e603a610a10d84a79e2b') in 0.017549 seconds 
  Import took 0.022072 seconds .

========================================================================
Received Import Request.
  Time since last request: 0.000353 seconds.
  path: Assets/Sprites/RiggingCharacter0020.png
  artifactKey: Guid(ee5283edc982d554ea09dc621bd33bec) Importer(815301076,1909f56bfc062723c751e8b465ee728b)
Start importing Assets/Sprites/RiggingCharacter0020.png using Guid(ee5283edc982d554ea09dc621bd33bec) Importer(815301076,1909f56bfc062723c751e8b465ee728b)  -> (artifact id: 'fdb92d6acebe157a44def8231c012d5a') in 0.016859 seconds 
  Import took 0.021340 seconds .

========================================================================
Received Import Request.
  Time since last request: 0.000336 seconds.
  path: Assets/Sprites/RiggingCharacter0030.png
  artifactKey: Guid(1a49844b14a11ef4eb8f104983678759) Importer(815301076,1909f56bfc062723c751e8b465ee728b)
Start importing Assets/Sprites/RiggingCharacter0030.png using Guid(1a49844b14a11ef4eb8f104983678759) Importer(815301076,1909f56bfc062723c751e8b465ee728b)  -> (artifact id: '659a0d3fd214341c5805ebf4da4070dc') in 0.017169 seconds 
  Import took 0.021989 seconds .

========================================================================
Received Import Request.
  Time since last request: 0.000366 seconds.
  path: Assets/Sprites/RiggingCharacter0015.png
  artifactKey: Guid(60489a8505819c94db465b3e24f0fd05) Importer(815301076,1909f56bfc062723c751e8b465ee728b)
Start importing Assets/Sprites/RiggingCharacter0015.png using Guid(60489a8505819c94db465b3e24f0fd05) Importer(815301076,1909f56bfc062723c751e8b465ee728b)  -> (artifact id: 'b80e76a6a5a0834ef63aaac3722c839d') in 0.016436 seconds 
  Import took 0.021037 seconds .

========================================================================
Received Import Request.
  Time since last request: 0.000396 seconds.
  path: Assets/Sprites/RiggingCharacter0035.png
  artifactKey: Guid(0642e5c61c420644f94af2ae19114f20) Importer(815301076,1909f56bfc062723c751e8b465ee728b)
Start importing Assets/Sprites/RiggingCharacter0035.png using Guid(0642e5c61c420644f94af2ae19114f20) Importer(815301076,1909f56bfc062723c751e8b465ee728b)  -> (artifact id: '8a2ad7f1704a22643d8f47b2d4eb8148') in 0.017170 seconds 
  Import took 0.022544 seconds .

========================================================================
Received Import Request.
  Time since last request: 0.000307 seconds.
  path: Assets/Sprites/RiggingCharacter0023.png
  artifactKey: Guid(1aa38d086a6a2f64bba694b75244e029) Importer(815301076,1909f56bfc062723c751e8b465ee728b)
Start importing Assets/Sprites/RiggingCharacter0023.png using Guid(1aa38d086a6a2f64bba694b75244e029) Importer(815301076,1909f56bfc062723c751e8b465ee728b)  -> (artifact id: '262f4dcb556196ecf6980534a70aa572') in 0.017862 seconds 
  Import took 0.022723 seconds .

========================================================================
Received Import Request.
  Time since last request: 0.000342 seconds.
  path: Assets/Sprites/RiggingCharacter0016.png
  artifactKey: Guid(c0f68f76776f0f04ca60e37ee4dc317d) Importer(815301076,1909f56bfc062723c751e8b465ee728b)
Start importing Assets/Sprites/RiggingCharacter0016.png using Guid(c0f68f76776f0f04ca60e37ee4dc317d) Importer(815301076,1909f56bfc062723c751e8b465ee728b)  -> (artifact id: '86b27a4b3f762f03c1f0f7a10c30b0c6') in 0.016699 seconds 
  Import took 0.021227 seconds .

========================================================================
Received Import Request.
  Time since last request: 0.000284 seconds.
  path: Assets/Sprites/RiggingCharacter0031.png
  artifactKey: Guid(0d2caae009a6d3447885df7760acdc1c) Importer(815301076,1909f56bfc062723c751e8b465ee728b)
Start importing Assets/Sprites/RiggingCharacter0031.png using Guid(0d2caae009a6d3447885df7760acdc1c) Importer(815301076,1909f56bfc062723c751e8b465ee728b)  -> (artifact id: 'bcde8bb9d0790ecde44823cb04b84980') in 0.014952 seconds 
  Import took 0.020153 seconds .

========================================================================
Received Import Request.
  Time since last request: 0.000506 seconds.
  path: Assets/Sprites/RiggingCharacter0004.png
  artifactKey: Guid(d7462ada16ae07b44acf626bb86afb51) Importer(815301076,1909f56bfc062723c751e8b465ee728b)
Start importing Assets/Sprites/RiggingCharacter0004.png using Guid(d7462ada16ae07b44acf626bb86afb51) Importer(815301076,1909f56bfc062723c751e8b465ee728b)  -> (artifact id: 'a81841639fe1c7d43ffafe4920c05025') in 0.018013 seconds 
  Import took 0.024160 seconds .

========================================================================
Received Import Request.
  Time since last request: 0.000304 seconds.
  path: Assets/Sprites/RiggingCharacter0040.png
  artifactKey: Guid(45112c942a4913f4cb57d4627ba1296a) Importer(815301076,1909f56bfc062723c751e8b465ee728b)
Start importing Assets/Sprites/RiggingCharacter0040.png using Guid(45112c942a4913f4cb57d4627ba1296a) Importer(815301076,1909f56bfc062723c751e8b465ee728b)  -> (artifact id: '034e74ab644da29be53abc9cf185b374') in 0.017481 seconds 
  Import took 0.021938 seconds .

========================================================================
Received Import Request.
  Time since last request: 0.000311 seconds.
  path: Assets/Sprites/RiggingCharacter0021.png
  artifactKey: Guid(772a9e73f4cc4db46909bbed33754893) Importer(815301076,1909f56bfc062723c751e8b465ee728b)
Start importing Assets/Sprites/RiggingCharacter0021.png using Guid(772a9e73f4cc4db46909bbed33754893) Importer(815301076,1909f56bfc062723c751e8b465ee728b)  -> (artifact id: '796f7c62517dbf216d00a127cec766a3') in 0.016231 seconds 
  Import took 0.020915 seconds .

========================================================================
Received Import Request.
  Time since last request: 0.000323 seconds.
  path: Assets/Sprites/RiggingCharacter0014.png
  artifactKey: Guid(6493968b4caf0684abe3e6174d717f2f) Importer(815301076,1909f56bfc062723c751e8b465ee728b)
Start importing Assets/Sprites/RiggingCharacter0014.png using Guid(6493968b4caf0684abe3e6174d717f2f) Importer(815301076,1909f56bfc062723c751e8b465ee728b)  -> (artifact id: '936066fba2de3ea826f5dd334de94114') in 0.016005 seconds 
  Import took 0.020496 seconds .

========================================================================
Received Import Request.
  Time since last request: 0.000320 seconds.
  path: Assets/Sprites/RiggingCharacter0029.png
  artifactKey: Guid(cc1eab20dc3d38f4faa597d61686cb82) Importer(815301076,1909f56bfc062723c751e8b465ee728b)
Start importing Assets/Sprites/RiggingCharacter0029.png using Guid(cc1eab20dc3d38f4faa597d61686cb82) Importer(815301076,1909f56bfc062723c751e8b465ee728b)  -> (artifact id: '7519ebaa77dac9d741ae3cddc774c1ab') in 0.015413 seconds 
  Import took 0.020324 seconds .

========================================================================
Received Import Request.
  Time since last request: 0.000313 seconds.
  path: Assets/Sprites/RiggingCharacter0038.png
  artifactKey: Guid(267137857c1deb343a77d32193e9ebe7) Importer(815301076,1909f56bfc062723c751e8b465ee728b)
Start importing Assets/Sprites/RiggingCharacter0038.png using Guid(267137857c1deb343a77d32193e9ebe7) Importer(815301076,1909f56bfc062723c751e8b465ee728b)  -> (artifact id: '4873ab945024011c146053de7219f61b') in 0.018369 seconds 
  Import took 0.023121 seconds .

========================================================================
Received Import Request.
  Time since last request: 129.177082 seconds.
  path: Assets/Sprites/RiggingCharacter.ana
  artifactKey: Guid(384efae7ade06c94cb2cb68b44bda871) Importer(815301076,1909f56bfc062723c751e8b465ee728b)
Start importing Assets/Sprites/RiggingCharacter.ana using Guid(384efae7ade06c94cb2cb68b44bda871) Importer(815301076,1909f56bfc062723c751e8b465ee728b)  -> (artifact id: 'a499ebf52e8d2cddc577bb0943e95bac') in 0.007216 seconds 
  Import took 0.013113 seconds .

========================================================================
Received Import Request.
  Time since last request: 317.834358 seconds.
  path: Assets/Sprites/Rigging.png
  artifactKey: Guid(360eba28abe3cef48826e0d949c8df9a) Importer(815301076,1909f56bfc062723c751e8b465ee728b)
Start importing Assets/Sprites/Rigging.png using Guid(360eba28abe3cef48826e0d949c8df9a) Importer(815301076,1909f56bfc062723c751e8b465ee728b)  -> (artifact id: 'af32ef1d115909f0a65beb636c5b6e0b') in 0.050803 seconds 
  Import took 0.055751 seconds .

========================================================================
Received Import Request.
  Time since last request: 17.522668 seconds.
  path: Assets/Sprites/Rigging.png
  artifactKey: Guid(360eba28abe3cef48826e0d949c8df9a) Importer(815301076,1909f56bfc062723c751e8b465ee728b)
Start importing Assets/Sprites/Rigging.png using Guid(360eba28abe3cef48826e0d949c8df9a) Importer(815301076,1909f56bfc062723c751e8b465ee728b)  -> (artifact id: '371904735994b53b56d75255fe225d1a') in 0.012221 seconds 
  Import took 0.016478 seconds .

========================================================================
Received Import Request.
  Time since last request: 135.167060 seconds.
  path: Assets/Sprites/Rigging.png
  artifactKey: Guid(360eba28abe3cef48826e0d949c8df9a) Importer(815301076,1909f56bfc062723c751e8b465ee728b)
Start importing Assets/Sprites/Rigging.png using Guid(360eba28abe3cef48826e0d949c8df9a) Importer(815301076,1909f56bfc062723c751e8b465ee728b)  -> (artifact id: '3809c124ada76bba55043bf0f8e05c9d') in 0.148317 seconds 
  Import took 0.153974 seconds .

========================================================================
Received Import Request.
  Time since last request: 229.507176 seconds.
  path: Assets/Sprites/Rigging.png
  artifactKey: Guid(360eba28abe3cef48826e0d949c8df9a) Importer(815301076,1909f56bfc062723c751e8b465ee728b)
Start importing Assets/Sprites/Rigging.png using Guid(360eba28abe3cef48826e0d949c8df9a) Importer(815301076,1909f56bfc062723c751e8b465ee728b)  -> (artifact id: '701b2387fdcffe9d0c7cd023eec5f328') in 0.183525 seconds 
  Import took 0.188350 seconds .

========================================================================
Received Import Request.
  Time since last request: 8.504512 seconds.
  path: Assets/Animation
  artifactKey: Guid(dc9a8c7f24d78b14bb85798be0ac4a37) Importer(815301076,1909f56bfc062723c751e8b465ee728b)
Start importing Assets/Animation using Guid(dc9a8c7f24d78b14bb85798be0ac4a37) Importer(815301076,1909f56bfc062723c751e8b465ee728b)  -> (artifact id: '8c68d5aa03cc10d18d829710bd6070d0') in 0.003416 seconds 
  Import took 0.009282 seconds .

========================================================================
Received Import Request.
  Time since last request: 1.745231 seconds.
  path: Assets/Animation/Rigging.anim
  artifactKey: Guid(2bfa53533395e6d43a65a674fa572781) Importer(815301076,1909f56bfc062723c751e8b465ee728b)
Start importing Assets/Animation/Rigging.anim using Guid(2bfa53533395e6d43a65a674fa572781) Importer(815301076,1909f56bfc062723c751e8b465ee728b)  -> (artifact id: '6a1d7b75dc6141d352c7e921c91a0109') in 0.015236 seconds 
  Import took 0.020543 seconds .

========================================================================
Received Prepare
Registering precompiled user dll's ...
Registered in 0.004227 seconds.
Begin MonoManager ReloadAssembly
Native extension for WindowsStandalone target not found
Native extension for OSXStandalone target not found
Native extension for WebGL target not found
Refreshing native plugins compatible for Editor in 0.50 ms, found 3 plugins.
Preloading 0 native plugins for Editor in 0.00 ms.
Mono: successfully reloaded assembly
- Completed reload, in  1.364 seconds
Domain Reload Profiling:
	ReloadAssembly (1365ms)
		BeginReloadAssembly (156ms)
			ExecutionOrderSort (0ms)
			DisableScriptedObjects (7ms)
			BackupInstance (0ms)
			ReleaseScriptingObjects (0ms)
			CreateAndSetChildDomain (41ms)
		EndReloadAssembly (1142ms)
			LoadAssemblies (135ms)
			RebuildTransferFunctionScriptingTraits (0ms)
			SetupTypeCache (408ms)
			ReleaseScriptCaches (1ms)
			RebuildScriptCaches (54ms)
			SetupLoadedEditorAssemblies (438ms)
				LogAssemblyErrors (0ms)
				InitializePlatformSupportModulesInManaged (8ms)
				SetLoadedEditorAssemblies (1ms)
				RefreshPlugins (1ms)
				BeforeProcessingInitializeOnLoad (65ms)
				ProcessInitializeOnLoadAttributes (355ms)
				ProcessInitializeOnLoadMethodAttributes (6ms)
				AfterProcessingInitializeOnLoad (3ms)
				EditorAssembliesLoaded (0ms)
			ExecutionOrderSort2 (0ms)
			AwakeInstancesAfterBackupRestoration (13ms)
Platform modules already initialized, skipping
Refreshing native plugins compatible for Editor in 0.48 ms, found 3 plugins.
Preloading 0 native plugins for Editor in 0.00 ms.
Unloading 2081 Unused Serialized files (Serialized files now loaded: 0)
System memory in use before: 95.5 MB.
System memory in use after: 95.6 MB.

Unloading 16 unused Assets to reduce memory usage. Loaded Objects now: 2539.
Total: 3.569000 ms (FindLiveObjects: 0.212000 ms CreateObjectMapping: 0.088000 ms MarkObjects: 3.249000 ms  DeleteObjects: 0.019000 ms)

AssetImportParameters requested are different than current active one (requested -> active):
  custom:framework-win-MediaFoundation: 216162199b28c13a410421893ffa2e32 -> 
  custom:video-decoder-ogg-theora: a1e56fd34408186e4bbccfd4996cb3dc -> 
  custom:container-muxer-webm: aa71ff27fc2769a1b78a27578f13a17b -> 
  custom:container-demuxer-webm: 4f35f7cbe854078d1ac9338744f61a02 -> 
  custom:container-demuxer-ogg: 62fdf1f143b41e24485cea50d1cbac27 -> 
  custom:video-encoder-webm-vp8: eb34c28f22e8b96e1ab97ce403110664 -> 
  custom:video-codec-MediaFoundation-h265: 746d11721c4dcdbdad8f713fa42b33f4 -> 
  custom:video-decoder-webm-vp8: 9c59270c3fd7afecdb556c50c9e8de78 -> 
  custom:audio-decoder-ogg-vorbis: bf7c407c2cedff20999df2af8eb42d56 -> 
  custom:audio-encoder-webm-vorbis: bf7c407c2cedff20999df2af8eb42d56 -> 
========================================================================
Received Prepare
Registering precompiled user dll's ...
Registered in 0.004415 seconds.
Begin MonoManager ReloadAssembly
Native extension for WindowsStandalone target not found
Native extension for OSXStandalone target not found
Native extension for WebGL target not found
Refreshing native plugins compatible for Editor in 0.49 ms, found 3 plugins.
Preloading 0 native plugins for Editor in 0.00 ms.
Mono: successfully reloaded assembly
- Completed reload, in  1.328 seconds
Domain Reload Profiling:
	ReloadAssembly (1328ms)
		BeginReloadAssembly (157ms)
			ExecutionOrderSort (0ms)
			DisableScriptedObjects (10ms)
			BackupInstance (0ms)
			ReleaseScriptingObjects (0ms)
			CreateAndSetChildDomain (45ms)
		EndReloadAssembly (1104ms)
			LoadAssemblies (138ms)
			RebuildTransferFunctionScriptingTraits (0ms)
			SetupTypeCache (381ms)
			ReleaseScriptCaches (1ms)
			RebuildScriptCaches (53ms)
			SetupLoadedEditorAssemblies (424ms)
				LogAssemblyErrors (0ms)
				InitializePlatformSupportModulesInManaged (7ms)
				SetLoadedEditorAssemblies (1ms)
				RefreshPlugins (1ms)
				BeforeProcessingInitializeOnLoad (63ms)
				ProcessInitializeOnLoadAttributes (342ms)
				ProcessInitializeOnLoadMethodAttributes (6ms)
				AfterProcessingInitializeOnLoad (3ms)
				EditorAssembliesLoaded (0ms)
			ExecutionOrderSort2 (0ms)
			AwakeInstancesAfterBackupRestoration (12ms)
Platform modules already initialized, skipping
Refreshing native plugins compatible for Editor in 0.48 ms, found 3 plugins.
Preloading 0 native plugins for Editor in 0.00 ms.
Unloading 2081 Unused Serialized files (Serialized files now loaded: 0)
System memory in use before: 95.6 MB.
System memory in use after: 95.7 MB.

Unloading 16 unused Assets to reduce memory usage. Loaded Objects now: 2542.
Total: 3.340400 ms (FindLiveObjects: 0.221100 ms CreateObjectMapping: 0.105200 ms MarkObjects: 2.986200 ms  DeleteObjects: 0.026400 ms)

AssetImportParameters requested are different than current active one (requested -> active):
  custom:framework-win-MediaFoundation: 216162199b28c13a410421893ffa2e32 -> 
  custom:video-decoder-ogg-theora: a1e56fd34408186e4bbccfd4996cb3dc -> 
  custom:container-muxer-webm: aa71ff27fc2769a1b78a27578f13a17b -> 
  custom:container-demuxer-webm: 4f35f7cbe854078d1ac9338744f61a02 -> 
  custom:container-demuxer-ogg: 62fdf1f143b41e24485cea50d1cbac27 -> 
  custom:video-encoder-webm-vp8: eb34c28f22e8b96e1ab97ce403110664 -> 
  custom:video-codec-MediaFoundation-h265: 746d11721c4dcdbdad8f713fa42b33f4 -> 
  custom:video-decoder-webm-vp8: 9c59270c3fd7afecdb556c50c9e8de78 -> 
  custom:audio-decoder-ogg-vorbis: bf7c407c2cedff20999df2af8eb42d56 -> 
  custom:audio-encoder-webm-vorbis: bf7c407c2cedff20999df2af8eb42d56 -> 
========================================================================
Received Prepare
Registering precompiled user dll's ...
Registered in 0.004794 seconds.
Begin MonoManager ReloadAssembly
Native extension for WindowsStandalone target not found
Native extension for OSXStandalone target not found
Native extension for WebGL target not found
Refreshing native plugins compatible for Editor in 0.54 ms, found 3 plugins.
Preloading 0 native plugins for Editor in 0.00 ms.
Mono: successfully reloaded assembly
- Completed reload, in  1.422 seconds
Domain Reload Profiling:
	ReloadAssembly (1423ms)
		BeginReloadAssembly (162ms)
			ExecutionOrderSort (0ms)
			DisableScriptedObjects (8ms)
			BackupInstance (0ms)
			ReleaseScriptingObjects (0ms)
			CreateAndSetChildDomain (39ms)
		EndReloadAssembly (1183ms)
			LoadAssemblies (152ms)
			RebuildTransferFunctionScriptingTraits (0ms)
			SetupTypeCache (428ms)
			ReleaseScriptCaches (2ms)
			RebuildScriptCaches (59ms)
			SetupLoadedEditorAssemblies (431ms)
				LogAssemblyErrors (0ms)
				InitializePlatformSupportModulesInManaged (8ms)
				SetLoadedEditorAssemblies (1ms)
				RefreshPlugins (1ms)
				BeforeProcessingInitializeOnLoad (66ms)
				ProcessInitializeOnLoadAttributes (347ms)
				ProcessInitializeOnLoadMethodAttributes (6ms)
				AfterProcessingInitializeOnLoad (3ms)
				EditorAssembliesLoaded (0ms)
			ExecutionOrderSort2 (0ms)
			AwakeInstancesAfterBackupRestoration (13ms)
Platform modules already initialized, skipping
Refreshing native plugins compatible for Editor in 0.50 ms, found 3 plugins.
Preloading 0 native plugins for Editor in 0.00 ms.
Unloading 2081 Unused Serialized files (Serialized files now loaded: 0)
System memory in use before: 95.6 MB.
System memory in use after: 95.7 MB.

Unloading 16 unused Assets to reduce memory usage. Loaded Objects now: 2545.
Total: 4.119200 ms (FindLiveObjects: 0.342700 ms CreateObjectMapping: 0.189200 ms MarkObjects: 3.563300 ms  DeleteObjects: 0.022200 ms)

AssetImportParameters requested are different than current active one (requested -> active):
  custom:framework-win-MediaFoundation: 216162199b28c13a410421893ffa2e32 -> 
  custom:video-decoder-ogg-theora: a1e56fd34408186e4bbccfd4996cb3dc -> 
  custom:container-muxer-webm: aa71ff27fc2769a1b78a27578f13a17b -> 
  custom:container-demuxer-webm: 4f35f7cbe854078d1ac9338744f61a02 -> 
  custom:container-demuxer-ogg: 62fdf1f143b41e24485cea50d1cbac27 -> 
  custom:video-encoder-webm-vp8: eb34c28f22e8b96e1ab97ce403110664 -> 
  custom:video-codec-MediaFoundation-h265: 746d11721c4dcdbdad8f713fa42b33f4 -> 
  custom:video-decoder-webm-vp8: 9c59270c3fd7afecdb556c50c9e8de78 -> 
  custom:audio-decoder-ogg-vorbis: bf7c407c2cedff20999df2af8eb42d56 -> 
  custom:audio-encoder-webm-vorbis: bf7c407c2cedff20999df2af8eb42d56 -> 
========================================================================
Received Prepare
Registering precompiled user dll's ...
Registered in 0.004719 seconds.
Begin MonoManager ReloadAssembly
Native extension for WindowsStandalone target not found
Native extension for OSXStandalone target not found
Native extension for WebGL target not found
Refreshing native plugins compatible for Editor in 0.53 ms, found 3 plugins.
Preloading 0 native plugins for Editor in 0.00 ms.
Mono: successfully reloaded assembly
- Completed reload, in  1.400 seconds
Domain Reload Profiling:
	ReloadAssembly (1400ms)
		BeginReloadAssembly (153ms)
			ExecutionOrderSort (0ms)
			DisableScriptedObjects (8ms)
			BackupInstance (0ms)
			ReleaseScriptingObjects (0ms)
			CreateAndSetChildDomain (37ms)
		EndReloadAssembly (1174ms)
			LoadAssemblies (135ms)
			RebuildTransferFunctionScriptingTraits (0ms)
			SetupTypeCache (410ms)
			ReleaseScriptCaches (1ms)
			RebuildScriptCaches (52ms)
			SetupLoadedEditorAssemblies (465ms)
				LogAssemblyErrors (0ms)
				InitializePlatformSupportModulesInManaged (8ms)
				SetLoadedEditorAssemblies (1ms)
				RefreshPlugins (1ms)
				BeforeProcessingInitializeOnLoad (68ms)
				ProcessInitializeOnLoadAttributes (379ms)
				ProcessInitializeOnLoadMethodAttributes (6ms)
				AfterProcessingInitializeOnLoad (3ms)
				EditorAssembliesLoaded (0ms)
			ExecutionOrderSort2 (0ms)
			AwakeInstancesAfterBackupRestoration (13ms)
Platform modules already initialized, skipping
Refreshing native plugins compatible for Editor in 0.59 ms, found 3 plugins.
Preloading 0 native plugins for Editor in 0.00 ms.
Unloading 2081 Unused Serialized files (Serialized files now loaded: 0)
System memory in use before: 95.6 MB.
System memory in use after: 95.7 MB.

Unloading 16 unused Assets to reduce memory usage. Loaded Objects now: 2548.
Total: 3.470000 ms (FindLiveObjects: 0.209300 ms CreateObjectMapping: 0.092300 ms MarkObjects: 3.149000 ms  DeleteObjects: 0.018500 ms)

AssetImportParameters requested are different than current active one (requested -> active):
  custom:framework-win-MediaFoundation: 216162199b28c13a410421893ffa2e32 -> 
  custom:video-decoder-ogg-theora: a1e56fd34408186e4bbccfd4996cb3dc -> 
  custom:container-muxer-webm: aa71ff27fc2769a1b78a27578f13a17b -> 
  custom:container-demuxer-webm: 4f35f7cbe854078d1ac9338744f61a02 -> 
  custom:container-demuxer-ogg: 62fdf1f143b41e24485cea50d1cbac27 -> 
  custom:video-encoder-webm-vp8: eb34c28f22e8b96e1ab97ce403110664 -> 
  custom:video-codec-MediaFoundation-h265: 746d11721c4dcdbdad8f713fa42b33f4 -> 
  custom:video-decoder-webm-vp8: 9c59270c3fd7afecdb556c50c9e8de78 -> 
  custom:audio-decoder-ogg-vorbis: bf7c407c2cedff20999df2af8eb42d56 -> 
  custom:audio-encoder-webm-vorbis: bf7c407c2cedff20999df2af8eb42d56 -> 
========================================================================
Received Import Request.
  Time since last request: 177.806647 seconds.
  path: Assets/Sprites/Rigging.png
  artifactKey: Guid(360eba28abe3cef48826e0d949c8df9a) Importer(815301076,1909f56bfc062723c751e8b465ee728b)
Start importing Assets/Sprites/Rigging.png using Guid(360eba28abe3cef48826e0d949c8df9a) Importer(815301076,1909f56bfc062723c751e8b465ee728b)  -> (artifact id: '226705631378f26ae80e2f2b171a6034') in 0.267820 seconds 
  Import took 0.273703 seconds .

========================================================================
Received Import Request.
  Time since last request: 29.840331 seconds.
  path: Assets/Sprites/Rigging.png
  artifactKey: Guid(360eba28abe3cef48826e0d949c8df9a) Importer(815301076,1909f56bfc062723c751e8b465ee728b)
Start importing Assets/Sprites/Rigging.png using Guid(360eba28abe3cef48826e0d949c8df9a) Importer(815301076,1909f56bfc062723c751e8b465ee728b)  -> (artifact id: '46ad2bdfbe88555745af6da3b53d0d13') in 0.412443 seconds 
  Import took 0.433303 seconds .

========================================================================
Received Prepare
Registering precompiled user dll's ...
Registered in 0.003898 seconds.
Begin MonoManager ReloadAssembly
Native extension for WindowsStandalone target not found
Native extension for OSXStandalone target not found
Native extension for WebGL target not found
Refreshing native plugins compatible for Editor in 0.52 ms, found 3 plugins.
Preloading 0 native plugins for Editor in 0.00 ms.
Mono: successfully reloaded assembly
- Completed reload, in  1.870 seconds
Domain Reload Profiling:
	ReloadAssembly (1870ms)
		BeginReloadAssembly (159ms)
			ExecutionOrderSort (0ms)
			DisableScriptedObjects (8ms)
			BackupInstance (0ms)
			ReleaseScriptingObjects (0ms)
			CreateAndSetChildDomain (38ms)
		EndReloadAssembly (1622ms)
			LoadAssemblies (181ms)
			RebuildTransferFunctionScriptingTraits (0ms)
			SetupTypeCache (651ms)
			ReleaseScriptCaches (1ms)
			RebuildScriptCaches (58ms)
			SetupLoadedEditorAssemblies (566ms)
				LogAssemblyErrors (0ms)
				InitializePlatformSupportModulesInManaged (8ms)
				SetLoadedEditorAssemblies (1ms)
				RefreshPlugins (1ms)
				BeforeProcessingInitializeOnLoad (75ms)
				ProcessInitializeOnLoadAttributes (466ms)
				ProcessInitializeOnLoadMethodAttributes (11ms)
				AfterProcessingInitializeOnLoad (5ms)
				EditorAssembliesLoaded (0ms)
			ExecutionOrderSort2 (0ms)
			AwakeInstancesAfterBackupRestoration (23ms)
Platform modules already initialized, skipping
Refreshing native plugins compatible for Editor in 1.02 ms, found 3 plugins.
Preloading 0 native plugins for Editor in 0.00 ms.
Unloading 2081 Unused Serialized files (Serialized files now loaded: 0)
System memory in use before: 95.6 MB.
System memory in use after: 95.7 MB.

Unloading 16 unused Assets to reduce memory usage. Loaded Objects now: 2554.
Total: 5.347900 ms (FindLiveObjects: 0.338700 ms CreateObjectMapping: 0.181700 ms MarkObjects: 4.797800 ms  DeleteObjects: 0.028400 ms)

AssetImportParameters requested are different than current active one (requested -> active):
  custom:framework-win-MediaFoundation: 216162199b28c13a410421893ffa2e32 -> 
  custom:video-decoder-ogg-theora: a1e56fd34408186e4bbccfd4996cb3dc -> 
  custom:container-muxer-webm: aa71ff27fc2769a1b78a27578f13a17b -> 
  custom:container-demuxer-webm: 4f35f7cbe854078d1ac9338744f61a02 -> 
  custom:container-demuxer-ogg: 62fdf1f143b41e24485cea50d1cbac27 -> 
  custom:video-encoder-webm-vp8: eb34c28f22e8b96e1ab97ce403110664 -> 
  custom:video-codec-MediaFoundation-h265: 746d11721c4dcdbdad8f713fa42b33f4 -> 
  custom:video-decoder-webm-vp8: 9c59270c3fd7afecdb556c50c9e8de78 -> 
  custom:audio-decoder-ogg-vorbis: bf7c407c2cedff20999df2af8eb42d56 -> 
  custom:audio-encoder-webm-vorbis: bf7c407c2cedff20999df2af8eb42d56 -> 
========================================================================
Received Import Request.
  Time since last request: 127.530798 seconds.
  path: Assets/Sprites/Rigging.png
  artifactKey: Guid(360eba28abe3cef48826e0d949c8df9a) Importer(815301076,1909f56bfc062723c751e8b465ee728b)
Start importing Assets/Sprites/Rigging.png using Guid(360eba28abe3cef48826e0d949c8df9a) Importer(815301076,1909f56bfc062723c751e8b465ee728b)  -> (artifact id: '33eaa23a2d5b4fb9621d848b09c7e7a1') in 0.533063 seconds 
  Import took 0.554339 seconds .

========================================================================
Received Prepare
Registering precompiled user dll's ...
Registered in 0.004742 seconds.
Begin MonoManager ReloadAssembly
Native extension for WindowsStandalone target not found
Native extension for OSXStandalone target not found
Native extension for WebGL target not found
Refreshing native plugins compatible for Editor in 0.50 ms, found 3 plugins.
Preloading 0 native plugins for Editor in 0.00 ms.
Mono: successfully reloaded assembly
- Completed reload, in  1.348 seconds
Domain Reload Profiling:
	ReloadAssembly (1349ms)
		BeginReloadAssembly (149ms)
			ExecutionOrderSort (0ms)
			DisableScriptedObjects (8ms)
			BackupInstance (0ms)
			ReleaseScriptingObjects (0ms)
			CreateAndSetChildDomain (36ms)
		EndReloadAssembly (1129ms)
			LoadAssemblies (133ms)
			RebuildTransferFunctionScriptingTraits (0ms)
			SetupTypeCache (391ms)
			ReleaseScriptCaches (1ms)
			RebuildScriptCaches (56ms)
			SetupLoadedEditorAssemblies (432ms)
				LogAssemblyErrors (0ms)
				InitializePlatformSupportModulesInManaged (8ms)
				SetLoadedEditorAssemblies (1ms)
				RefreshPlugins (1ms)
				BeforeProcessingInitializeOnLoad (69ms)
				ProcessInitializeOnLoadAttributes (344ms)
				ProcessInitializeOnLoadMethodAttributes (6ms)
				AfterProcessingInitializeOnLoad (3ms)
				EditorAssembliesLoaded (0ms)
			ExecutionOrderSort2 (0ms)
			AwakeInstancesAfterBackupRestoration (13ms)
Platform modules already initialized, skipping
Refreshing native plugins compatible for Editor in 0.50 ms, found 3 plugins.
Preloading 0 native plugins for Editor in 0.00 ms.
Unloading 2081 Unused Serialized files (Serialized files now loaded: 0)
System memory in use before: 95.6 MB.
System memory in use after: 95.8 MB.

Unloading 16 unused Assets to reduce memory usage. Loaded Objects now: 2558.
Total: 3.674500 ms (FindLiveObjects: 0.212200 ms CreateObjectMapping: 0.089700 ms MarkObjects: 3.353100 ms  DeleteObjects: 0.018500 ms)

AssetImportParameters requested are different than current active one (requested -> active):
  custom:framework-win-MediaFoundation: 216162199b28c13a410421893ffa2e32 -> 
  custom:video-decoder-ogg-theora: a1e56fd34408186e4bbccfd4996cb3dc -> 
  custom:container-muxer-webm: aa71ff27fc2769a1b78a27578f13a17b -> 
  custom:container-demuxer-webm: 4f35f7cbe854078d1ac9338744f61a02 -> 
  custom:container-demuxer-ogg: 62fdf1f143b41e24485cea50d1cbac27 -> 
  custom:video-encoder-webm-vp8: eb34c28f22e8b96e1ab97ce403110664 -> 
  custom:video-codec-MediaFoundation-h265: 746d11721c4dcdbdad8f713fa42b33f4 -> 
  custom:video-decoder-webm-vp8: 9c59270c3fd7afecdb556c50c9e8de78 -> 
  custom:audio-decoder-ogg-vorbis: bf7c407c2cedff20999df2af8eb42d56 -> 
  custom:audio-encoder-webm-vorbis: bf7c407c2cedff20999df2af8eb42d56 -> 
========================================================================
Received Prepare
Registering precompiled user dll's ...
Registered in 0.004773 seconds.
Begin MonoManager ReloadAssembly
Native extension for WindowsStandalone target not found
Native extension for OSXStandalone target not found
Native extension for WebGL target not found
Refreshing native plugins compatible for Editor in 0.51 ms, found 3 plugins.
Preloading 0 native plugins for Editor in 0.00 ms.
Mono: successfully reloaded assembly
- Completed reload, in  1.309 seconds
Domain Reload Profiling:
	ReloadAssembly (1309ms)
		BeginReloadAssembly (159ms)
			ExecutionOrderSort (0ms)
			DisableScriptedObjects (8ms)
			BackupInstance (0ms)
			ReleaseScriptingObjects (0ms)
			CreateAndSetChildDomain (43ms)
		EndReloadAssembly (1082ms)
			LoadAssemblies (134ms)
			RebuildTransferFunctionScriptingTraits (0ms)
			SetupTypeCache (366ms)
			ReleaseScriptCaches (1ms)
			RebuildScriptCaches (56ms)
			SetupLoadedEditorAssemblies (420ms)
				LogAssemblyErrors (0ms)
				InitializePlatformSupportModulesInManaged (8ms)
				SetLoadedEditorAssemblies (1ms)
				RefreshPlugins (1ms)
				BeforeProcessingInitializeOnLoad (66ms)
				ProcessInitializeOnLoadAttributes (336ms)
				ProcessInitializeOnLoadMethodAttributes (6ms)
				AfterProcessingInitializeOnLoad (3ms)
				EditorAssembliesLoaded (0ms)
			ExecutionOrderSort2 (0ms)
			AwakeInstancesAfterBackupRestoration (12ms)
Platform modules already initialized, skipping
Refreshing native plugins compatible for Editor in 0.47 ms, found 3 plugins.
Preloading 0 native plugins for Editor in 0.00 ms.
Unloading 2081 Unused Serialized files (Serialized files now loaded: 0)
System memory in use before: 95.7 MB.
System memory in use after: 95.8 MB.

Unloading 16 unused Assets to reduce memory usage. Loaded Objects now: 2561.
Total: 3.567500 ms (FindLiveObjects: 0.232000 ms CreateObjectMapping: 0.111500 ms MarkObjects: 3.204400 ms  DeleteObjects: 0.018700 ms)

AssetImportParameters requested are different than current active one (requested -> active):
  custom:framework-win-MediaFoundation: 216162199b28c13a410421893ffa2e32 -> 
  custom:video-decoder-ogg-theora: a1e56fd34408186e4bbccfd4996cb3dc -> 
  custom:container-muxer-webm: aa71ff27fc2769a1b78a27578f13a17b -> 
  custom:container-demuxer-webm: 4f35f7cbe854078d1ac9338744f61a02 -> 
  custom:container-demuxer-ogg: 62fdf1f143b41e24485cea50d1cbac27 -> 
  custom:video-encoder-webm-vp8: eb34c28f22e8b96e1ab97ce403110664 -> 
  custom:video-codec-MediaFoundation-h265: 746d11721c4dcdbdad8f713fa42b33f4 -> 
  custom:video-decoder-webm-vp8: 9c59270c3fd7afecdb556c50c9e8de78 -> 
  custom:audio-decoder-ogg-vorbis: bf7c407c2cedff20999df2af8eb42d56 -> 
  custom:audio-encoder-webm-vorbis: bf7c407c2cedff20999df2af8eb42d56 -> 
AssetImportWorkerClient::OnTransportError - code=2 error=End of file
